<?xml version="1.0" encoding="UTF-8"?>
<beans xmlns="http://www.springframework.org/schema/beans"
	xmlns:xsi="http://www.w3.org/2001/XMLSchema-instance" xmlns:context="http://www.springframework.org/schema/context"
	xmlns:tx="http://www.springframework.org/schema/tx" xmlns:jdbc="http://www.springframework.org/schema/jdbc"
	xmlns:p="http://www.springframework.org/schema/p" xmlns:aop="http://www.springframework.org/schema/aop"
	xsi:schemaLocation="http://www.springframework.org/schema/beans
    http://www.springframework.org/schema/beans/spring-beans-3.0.xsd
    http://www.springframework.org/schema/context
    http://www.springframework.org/schema/context/spring-context-3.0.xsd
    http://www.springframework.org/schema/tx
    http://www.springframework.org/schema/tx/spring-tx-3.0.xsd
    http://www.springframework.org/schema/jdbc
 	http://www.springframework.org/schema/jdbc/spring-jdbc-3.0.xsd
 	http://www.springframework.org/schema/aop http://www.springframework.org/schema/aop/spring-aop-3.0.xsd">


	<!-- 自动扫描dao和service包(自动注入) -->
	<context:component-scan base-package="com.wjs.common.dao" />

	<context:annotation-config />
	<bean id="propertyConfigurer"
		class="com.wjs.common.config.SpringPlaceHolderConfigAdapter">
		<!-- 设置中央配置提供者 -->
		<property name="locations">
			<list>
				<value>classpath:test-wjs-common-dao.properties</value>
			</list>
		</property>
	</bean>


	<aop:aspectj-autoproxy />



	

	<!-- 配置数据源-ifaex -->
	<bean id="dataSource-ifaex" class="com.wjs.common.datasource.AutoSwitchDataSource">
		<property name="driverClassName" value="${ifaex.jdbc.driverClassName}" />
		<property name="url" value="${ifaex.jdbc.url}" />
		<property name="url2" value="${ifaex.jdbc.url2}" />
		<property name="username" value="${ifaex.jdbc.username}" />
		<property name="password" value="${ifaex.jdbc.password}" />
	</bean>
	<bean id="sqlSessionFactory-ifaex" class="org.mybatis.spring.SqlSessionFactoryBean">
		<property name="dataSource" ref="dataSource-ifaex" />
		<!-- 
		<property name="configLocation" value="classpath:lbc-mybatis-config.xml" />
		 -->
		<property name="mapperLocations">
			<list>
				<value>
					classpath*:com/wjs/common/dao/*/*Mapper.xml
				</value>
			</list>
		</property>
		<!--  -->
		<property name="plugins">
			<list>
				<ref bean="pagePlugin" />
			</list>
		</property>
		
	</bean>
	<bean class="org.mybatis.spring.mapper.MapperScannerConfigurer">
		<property name="basePackage" value="com.wjs.common.dao.r" />
		<property name="sqlSessionFactoryBeanName" value="sqlSessionFactory-ifaex" />
	</bean>

	<bean id="TransactionManager_ifaex"
		class="org.springframework.jdbc.datasource.DataSourceTransactionManager">
		<property name="dataSource" ref="dataSource-ifaex"></property>
	</bean>
	<tx:annotation-driven transaction-manager="TransactionManager_ifaex"
		proxy-target-class="true" />

	<!-- 分页控件 -->
	<bean id="pagePlugin" class="com.wjs.common.dao.page.PagePlugin">
		<property name="pageMethod" value="pageByExample" />
	</bean>
 
 	
 	<!-- 
 	<bean id="pageInterceptor" class="com.wjs.common.dao.page.PageInterceptor" />
    <aop:config>
        <aop:pointcut id="pagePointCut" expression="execution(* com.wjs.common.dao.r..pageByExample(..))" />
        <aop:advisor advice-ref="pageInterceptor" pointcut-ref="pagePointCut" />
    </aop:config>
	 -->

</beans>