<?xml version="1.0" encoding="UTF-8"?>
<beans xmlns="http://www.springframework.org/schema/beans"
	xmlns:xsi="http://www.w3.org/2001/XMLSchema-instance" xmlns:context="http://www.springframework.org/schema/context"
	xmlns:tx="http://www.springframework.org/schema/tx" xmlns:jdbc="http://www.springframework.org/schema/jdbc"
	xmlns:p="http://www.springframework.org/schema/p" xmlns:aop="http://www.springframework.org/schema/aop"
	xsi:schemaLocation="http://www.springframework.org/schema/beans
    http://www.springframework.org/schema/beans/spring-beans-3.0.xsd
    http://www.springframework.org/schema/context
    http://www.springframework.org/schema/context/spring-context-3.0.xsd
    http://www.springframework.org/schema/tx
    http://www.springframework.org/schema/tx/spring-tx-3.0.xsd
    http://www.springframework.org/schema/jdbc
 	http://www.springframework.org/schema/jdbc/spring-jdbc-3.0.xsd
 	http://www.springframework.org/schema/aop http://www.springframework.org/schema/aop/spring-aop-3.0.xsd">


	<!-- 自动扫描service(自动注入) -->
	<context:component-scan base-package="com.wjs.mybatis.demo.service" />
	<!-- 自动扫描自定义切面(自动注入) -->
	<context:component-scan base-package="com.wjs.util.aspectj" />
	
	
	<context:annotation-config />
	<bean id="propertyConfigurer"
		class="org.springframework.beans.factory.config.PropertyPlaceholderConfigurer">
		<!-- 设置中央配置提供者 -->
		<property name="locations">
			<list>
				<value>classpath:test-demo-dao.properties</value>
			</list>
		</property>
	</bean>


	<aop:aspectj-autoproxy />



	

	<!-- 配置数据源-demo -->
	<bean id="dataSource-demo" class="org.apache.commons.dbcp.BasicDataSource">
		<property name="driverClassName" value="${demo.jdbc.driverClassName}" />
		<property name="url" value="${demo.jdbc.url}" />
		<property name="username" value="${demo.jdbc.username}" />
		<property name="password" value="${demo.jdbc.password}" />
		<property name="maxActive" value="10"></property> 
		<property name="maxIdle" value="10"></property> 
		<property name="validationQuery" value="select 1"></property> 
	</bean>
	<bean id="sqlSessionFactory-demo" class="org.mybatis.spring.SqlSessionFactoryBean">
		<property name="dataSource" ref="dataSource-demo" />
		<!-- 
		<property name="configLocation" value="classpath:lbc-mybatis-config.xml" />
		 -->
		<property name="mapperLocations">
			<list>
				<value>
					classpath*:com/wjs/mybatis/demo/dao/*/mapping/*Mapper.xml
				</value>
			</list>
		</property>
		<!--  -->
		<property name="plugins">
			<list>
				<ref bean="pagePlugin" />
			</list>
		</property>
		
	</bean>
	<bean class="org.mybatis.spring.mapper.MapperScannerConfigurer">
		<property name="basePackage" value="com.wjs.mybatis.demo.dao" />
		<property name="sqlSessionFactoryBeanName" value="sqlSessionFactory-demo" />
	</bean>

	<bean id="TransactionManager_demo"
		class="org.springframework.jdbc.datasource.DataSourceTransactionManager">
		<property name="dataSource" ref="dataSource-demo"></property>
	</bean>
	<tx:annotation-driven transaction-manager="TransactionManager_demo"
		proxy-target-class="true" />

	<!-- 分页控件 -->
	<bean id="pagePlugin" class="com.wjs.mybatis.PagePlugin">
		<property name="pageMethod" value="pageByExample" />
	</bean>
 
 	
 	<!-- 
 	<bean id="pageInterceptor" class="com.wjs.common.dao.page.PageInterceptor" />
    <aop:config>
        <aop:pointcut id="pagePointCut" expression="execution(* com.wjs.common.dao.r..pageByExample(..))" />
        <aop:advisor advice-ref="pageInterceptor" pointcut-ref="pagePointCut" />
    </aop:config>
	 -->

</beans>